170723 22:35:06 mysqld_safe Logging to '/Applications/mampstack-5.6.31-0/mysql/data/mysqld.log'.
170723 22:35:07 mysqld_safe Starting mysqld.bin daemon with databases from /Applications/mampstack-5.6.31-0/mysql/data
2017-07-23 22:35:08 0 [Warning] TIMESTAMP with implicit DEFAULT value is deprecated. Please use --explicit_defaults_for_timestamp server option (see documentation for more details).
2017-07-23 22:35:08 0 [Note] --secure-file-priv is set to NULL. Operations related to importing and exporting data are disabled
2017-07-23 22:35:08 0 [Note] /Applications/mampstack-5.6.31-0/mysql/bin/mysqld.bin (mysqld 5.6.36) starting as process 61179 ...
2017-07-23 22:35:08 61179 [Note] Plugin 'FEDERATED' is disabled.
2017-07-23 22:35:08 61179 [Note] InnoDB: Using atomics to ref count buffer pool pages
2017-07-23 22:35:08 61179 [Note] InnoDB: The InnoDB memory heap is disabled
2017-07-23 22:35:08 61179 [Note] InnoDB: Mutexes and rw_locks use GCC atomic builtins
2017-07-23 22:35:08 61179 [Note] InnoDB: Memory barrier is not used
2017-07-23 22:35:08 61179 [Note] InnoDB: Compressed tables use zlib 1.2.8
2017-07-23 22:35:08 61179 [Note] InnoDB: Using CPU crc32 instructions
2017-07-23 22:35:08 61179 [Note] InnoDB: Initializing buffer pool, size = 128.0M
2017-07-23 22:35:08 61179 [Note] InnoDB: Completed initialization of buffer pool
2017-07-23 22:35:08 61179 [Note] InnoDB: Highest supported file format is Barracuda.
2017-07-23 22:35:08 61179 [Note] InnoDB: 128 rollback segment(s) are active.
2017-07-23 22:35:08 61179 [Note] InnoDB: Waiting for purge to start
2017-07-23 22:35:08 61179 [Note] InnoDB: 5.6.36 started; log sequence number 1625987
2017-07-23 22:35:08 61179 [Warning] No existing UUID has been found, so we assume that this is the first time that this server has been started. Generating a new UUID: be6066f8-6fab-11e7-b060-f16e514d8fe3.
2017-07-23 22:35:08 61179 [Note] RSA private key file not found: /Applications/mampstack-5.6.31-0/mysql/data//private_key.pem. Some authentication plugins will not work.
2017-07-23 22:35:08 61179 [Note] RSA public key file not found: /Applications/mampstack-5.6.31-0/mysql/data//public_key.pem. Some authentication plugins will not work.
2017-07-23 22:35:08 61179 [Note] Server hostname (bind-address): '127.0.0.1'; port: 3306
2017-07-23 22:35:08 61179 [Note]   - '127.0.0.1' resolves to '127.0.0.1';
2017-07-23 22:35:08 61179 [Note] Server socket created on IP: '127.0.0.1'.
2017-07-23 22:35:08 61179 [Note] Event Scheduler: Loaded 0 events
2017-07-23 22:35:08 61179 [Note] /Applications/mampstack-5.6.31-0/mysql/bin/mysqld.bin: ready for connections.
Version: '5.6.36'  socket: '/Applications/mampstack-5.6.31-0/mysql/tmp/mysql.sock'  port: 3306  Source distribution
2017-07-23 23:44:24 61179 [Note] /Applications/mampstack-5.6.31-0/mysql/bin/mysqld.bin: Normal shutdown

